[2020-10-29 16:36:39,946] multiqc                                            [DEBUG  ]  No MultiQC config found: /Users/a/opt/anaconda3/envs/tf-keras/lib/python3.7/site-packages/multiqc_config.yaml
[2020-10-29 16:36:39,946] multiqc                                            [DEBUG  ]  No MultiQC config found: /Users/a/.multiqc_config.yaml
[2020-10-29 16:36:39,946] multiqc                                            [DEBUG  ]  No MultiQC config found: multiqc_config.yaml
[2020-10-29 16:36:39,946] multiqc                                            [DEBUG  ]  Command used: /Users/a/opt/anaconda3/envs/tf-keras/bin/multiqc .
[2020-10-29 16:36:40,606] multiqc                                            [DEBUG  ]  Latest MultiQC version is v1.9
[2020-10-29 16:36:40,607] multiqc                                            [INFO   ]  This is MultiQC v1.9
[2020-10-29 16:36:40,607] multiqc                                            [DEBUG  ]  Command     : /Users/a/opt/anaconda3/envs/tf-keras/bin/multiqc .
[2020-10-29 16:36:40,607] multiqc                                            [DEBUG  ]  Working dir : /Volumes/GoogleDrive/My Drive/Dropbox-GD/NYU/GS1/Courses/Fall/Bioinformatics/3/json
[2020-10-29 16:36:40,607] multiqc                                            [INFO   ]  Template    : default
[2020-10-29 16:36:40,607] multiqc                                            [DEBUG  ]  Running Python 3.7.7 (default, May  6 2020, 04:59:01)  [Clang 4.0.1 (tags/RELEASE_401/final)]
[2020-10-29 16:36:40,608] multiqc                                            [INFO   ]  Searching   : /Volumes/GoogleDrive/My Drive/Dropbox-GD/NYU/GS1/Courses/Fall/Bioinformatics/3/json
[2020-10-29 16:36:40,608] multiqc                                            [DEBUG  ]  Analysing modules: custom_content, conpair, peddy, somalier, methylQA, mosdepth, phantompeakqualtools, qualimap, preseq, quast, qorts, rna_seqc, rockhopper, rsem, rseqc, busco, goleft_indexcov, disambiguate, supernova, deeptools, sargasso, verifybamid, mirtrace, happy, mirtop, homer, macs2, theta2, snpeff, gatk, htseq, bcftools, featureCounts, fgbio, dragen, dedup, damageprofiler, biobambam2, mtnucratio, picard, prokka, samblaster, samtools, sexdeterrmine, bamtools, jellyfish, vcftools, longranger, stacks, varscan2, bbmap, bismark, biscuit, hicexplorer, hicup, hicpro, salmon, kallisto, slamdunk, star, hisat2, tophat, bowtie2, bowtie1, snpsplit, kat, leehom, adapterRemoval, clipandmerge, cutadapt, flexbar, kaiju, kraken, malt, trimmomatic, sickle, skewer, sortmerna, biobloomtools, fastq_screen, afterqc, fastp, fastqc, pycoqc, minionqc, multivcfanalyzer, clusterflow, bcl2fastq, interop, ivar, flash, seqyclean
[2020-10-29 16:36:40,608] multiqc                                            [DEBUG  ]  Using temporary directory for creating report: /var/folders/50/6ltbp2y50s5br_sr_vwhn9b40000gn/T/tmp7vjto4ak
[2020-10-29 16:36:41,346] multiqc.plots.bargraph                             [DEBUG  ]  Using matplotlib version 3.3.2
[2020-10-29 16:36:41,347] multiqc.plots.linegraph                            [DEBUG  ]  Using matplotlib version 3.3.2
[2020-10-29 16:36:41,348] multiqc                                            [DEBUG  ]  No samples found: custom_content
[2020-10-29 16:36:41,352] multiqc                                            [DEBUG  ]  No samples found: conpair
[2020-10-29 16:36:41,357] multiqc                                            [DEBUG  ]  No samples found: peddy
[2020-10-29 16:36:41,364] multiqc                                            [DEBUG  ]  No samples found: somalier
[2020-10-29 16:36:41,369] multiqc                                            [DEBUG  ]  No samples found: methylQA
[2020-10-29 16:36:41,378] multiqc                                            [DEBUG  ]  No samples found: mosdepth
[2020-10-29 16:36:41,382] multiqc                                            [DEBUG  ]  No samples found: phantompeakqualtools
[2020-10-29 16:36:41,386] multiqc                                            [DEBUG  ]  No samples found: qualimap
[2020-10-29 16:36:41,391] multiqc                                            [DEBUG  ]  No samples found: preseq
[2020-10-29 16:36:41,396] multiqc                                            [DEBUG  ]  No samples found: quast
[2020-10-29 16:36:41,402] multiqc                                            [DEBUG  ]  No samples found: qorts
[2020-10-29 16:36:41,407] multiqc                                            [DEBUG  ]  No samples found: rna_seqc
[2020-10-29 16:36:41,412] multiqc                                            [DEBUG  ]  No samples found: rockhopper
[2020-10-29 16:36:41,416] multiqc                                            [DEBUG  ]  No samples found: rsem
[2020-10-29 16:36:41,425] multiqc                                            [DEBUG  ]  No samples found: rseqc
[2020-10-29 16:36:41,431] multiqc                                            [DEBUG  ]  No samples found: busco
[2020-10-29 16:36:41,437] multiqc                                            [DEBUG  ]  No samples found: goleft_indexcov
[2020-10-29 16:36:41,443] multiqc                                            [DEBUG  ]  No samples found: disambiguate
[2020-10-29 16:36:41,449] multiqc                                            [DEBUG  ]  No samples found: supernova
[2020-10-29 16:36:41,460] multiqc                                            [DEBUG  ]  No samples found: deeptools
[2020-10-29 16:36:41,465] multiqc                                            [DEBUG  ]  No samples found: sargasso
[2020-10-29 16:36:41,470] multiqc                                            [DEBUG  ]  No samples found: verifybamid
[2020-10-29 16:36:41,475] multiqc                                            [DEBUG  ]  No samples found: mirtrace
[2020-10-29 16:36:41,480] multiqc                                            [DEBUG  ]  No samples found: happy
[2020-10-29 16:36:41,485] multiqc                                            [DEBUG  ]  No samples found: mirtop
[2020-10-29 16:36:41,492] multiqc                                            [DEBUG  ]  No samples found: homer
[2020-10-29 16:36:41,496] multiqc                                            [DEBUG  ]  No samples found: macs2
[2020-10-29 16:36:41,502] multiqc                                            [DEBUG  ]  No samples found: theta2
[2020-10-29 16:36:41,506] multiqc                                            [DEBUG  ]  No samples found: snpeff
[2020-10-29 16:36:41,513] multiqc                                            [DEBUG  ]  No samples found: gatk
[2020-10-29 16:36:41,518] multiqc                                            [DEBUG  ]  No samples found: htseq
[2020-10-29 16:36:41,525] multiqc                                            [DEBUG  ]  No samples found: bcftools
[2020-10-29 16:36:41,530] multiqc                                            [DEBUG  ]  No samples found: featureCounts
[2020-10-29 16:36:41,535] multiqc                                            [DEBUG  ]  No samples found: fgbio
[2020-10-29 16:36:41,545] multiqc                                            [DEBUG  ]  No samples found: dragen
[2020-10-29 16:36:41,550] multiqc                                            [DEBUG  ]  No samples found: dedup
[2020-10-29 16:36:41,554] multiqc                                            [DEBUG  ]  No samples found: damageprofiler
[2020-10-29 16:36:41,568] multiqc                                            [DEBUG  ]  No samples found: biobambam2
[2020-10-29 16:36:41,572] multiqc                                            [DEBUG  ]  No samples found: mtnucratio
[2020-10-29 16:36:41,575] multiqc                                            [DEBUG  ]  No samples found: picard
[2020-10-29 16:36:41,579] multiqc                                            [DEBUG  ]  No samples found: prokka
[2020-10-29 16:36:41,584] multiqc                                            [DEBUG  ]  No samples found: samblaster
[2020-10-29 16:36:41,589] multiqc                                            [DEBUG  ]  No samples found: samtools
[2020-10-29 16:36:41,593] multiqc                                            [DEBUG  ]  No samples found: sexdeterrmine
[2020-10-29 16:36:41,599] multiqc                                            [DEBUG  ]  No samples found: bamtools
[2020-10-29 16:36:41,604] multiqc                                            [DEBUG  ]  No samples found: jellyfish
[2020-10-29 16:36:41,611] multiqc                                            [DEBUG  ]  No samples found: vcftools
[2020-10-29 16:36:41,615] multiqc                                            [DEBUG  ]  No samples found: longranger
[2020-10-29 16:36:41,620] multiqc                                            [DEBUG  ]  No samples found: stacks
[2020-10-29 16:36:41,624] multiqc                                            [DEBUG  ]  No samples found: varscan2
[2020-10-29 16:36:41,631] multiqc                                            [DEBUG  ]  No samples found: bbmap
[2020-10-29 16:36:41,636] multiqc                                            [DEBUG  ]  No samples found: bismark
[2020-10-29 16:36:41,639] multiqc                                            [DEBUG  ]  No samples found: biscuit
[2020-10-29 16:36:41,643] multiqc                                            [DEBUG  ]  No samples found: hicexplorer
[2020-10-29 16:36:41,646] multiqc                                            [DEBUG  ]  No samples found: hicup
[2020-10-29 16:36:41,650] multiqc                                            [DEBUG  ]  No samples found: hicpro
[2020-10-29 16:36:41,653] multiqc                                            [DEBUG  ]  No samples found: salmon
[2020-10-29 16:36:41,663] multiqc.modules.kallisto.kallisto                  [INFO   ]  Found 6 reports
[2020-10-29 16:36:41,669] multiqc                                            [DEBUG  ]  No samples found: slamdunk
[2020-10-29 16:36:41,673] multiqc                                            [DEBUG  ]  No samples found: star
[2020-10-29 16:36:41,677] multiqc                                            [DEBUG  ]  No samples found: hisat2
[2020-10-29 16:36:41,680] multiqc                                            [DEBUG  ]  No samples found: tophat
[2020-10-29 16:36:41,683] multiqc                                            [DEBUG  ]  No samples found: bowtie2
[2020-10-29 16:36:41,687] multiqc                                            [DEBUG  ]  No samples found: bowtie1
[2020-10-29 16:36:41,690] multiqc                                            [DEBUG  ]  No samples found: snpsplit
[2020-10-29 16:36:41,693] multiqc                                            [DEBUG  ]  No samples found: kat
[2020-10-29 16:36:41,696] multiqc                                            [DEBUG  ]  No samples found: leehom
[2020-10-29 16:36:41,701] multiqc                                            [DEBUG  ]  No samples found: adapterRemoval
[2020-10-29 16:36:41,704] multiqc                                            [DEBUG  ]  No samples found: clipandmerge
[2020-10-29 16:36:41,707] multiqc                                            [DEBUG  ]  No samples found: cutadapt
[2020-10-29 16:36:41,711] multiqc                                            [DEBUG  ]  No samples found: flexbar
[2020-10-29 16:36:41,715] multiqc                                            [DEBUG  ]  No samples found: kaiju
[2020-10-29 16:36:41,719] multiqc                                            [DEBUG  ]  No samples found: kraken
[2020-10-29 16:36:41,722] multiqc                                            [DEBUG  ]  No samples found: malt
[2020-10-29 16:36:41,725] multiqc                                            [DEBUG  ]  No samples found: trimmomatic
[2020-10-29 16:36:41,729] multiqc                                            [DEBUG  ]  No samples found: sickle
[2020-10-29 16:36:41,732] multiqc                                            [DEBUG  ]  No samples found: skewer
[2020-10-29 16:36:41,736] multiqc                                            [DEBUG  ]  No samples found: sortmerna
[2020-10-29 16:36:41,739] multiqc                                            [DEBUG  ]  No samples found: biobloomtools
[2020-10-29 16:36:41,744] multiqc                                            [DEBUG  ]  No samples found: fastq_screen
[2020-10-29 16:36:41,747] multiqc                                            [DEBUG  ]  No samples found: afterqc
[2020-10-29 16:36:41,751] multiqc                                            [DEBUG  ]  No samples found: fastp
[2020-10-29 16:36:41,755] multiqc                                            [DEBUG  ]  No samples found: fastqc
[2020-10-29 16:36:41,758] multiqc                                            [DEBUG  ]  No samples found: pycoqc
[2020-10-29 16:36:41,762] multiqc                                            [DEBUG  ]  No samples found: minionqc
[2020-10-29 16:36:41,765] multiqc                                            [DEBUG  ]  No samples found: multivcfanalyzer
[2020-10-29 16:36:41,769] multiqc                                            [DEBUG  ]  No samples found: clusterflow
[2020-10-29 16:36:41,772] multiqc                                            [DEBUG  ]  No samples found: bcl2fastq
[2020-10-29 16:36:41,776] multiqc                                            [DEBUG  ]  No samples found: interop
[2020-10-29 16:36:41,779] multiqc                                            [DEBUG  ]  No samples found: ivar
[2020-10-29 16:36:41,783] multiqc                                            [DEBUG  ]  No samples found: flash
[2020-10-29 16:36:41,786] multiqc                                            [DEBUG  ]  No samples found: seqyclean
[2020-10-29 16:36:41,791] multiqc                                            [INFO   ]  Compressing plot data
[2020-10-29 16:36:41,794] multiqc                                            [INFO   ]  Report      : multiqc_report.html
[2020-10-29 16:36:41,794] multiqc                                            [INFO   ]  Data        : multiqc_data
[2020-10-29 16:36:41,794] multiqc                                            [DEBUG  ]  Moving data file from '/var/folders/50/6ltbp2y50s5br_sr_vwhn9b40000gn/T/tmp7vjto4ak/multiqc_data' to '/Volumes/GoogleDrive/My Drive/Dropbox-GD/NYU/GS1/Courses/Fall/Bioinformatics/3/json/multiqc_data'
[2020-10-29 16:36:42,747] multiqc                                            [INFO   ]  MultiQC complete
